<?xml version="1.0" encoding="UTF-8"?>
<testng-results ignored="0" total="1" passed="1" failed="0" skipped="0">
  <reporter-output>
  </reporter-output>
  <suite started-at="2024-10-31T09:42:45Z" name="Suite" finished-at="2024-10-31T09:42:59Z" duration-ms="14381">
    <groups>
    </groups>
    <test started-at="2024-10-31T09:42:45Z" name="Test" finished-at="2024-10-31T09:42:59Z" duration-ms="14381">
      <class name="Test.Login_Test">
        <test-method signature="setup(java.lang.String)[pri:0, instance:Test.Login_Test@419a20a6]" started-at="2024-10-31T09:42:45Z" name="setup" finished-at="2024-10-31T09:42:59Z" duration-ms="14340" status="PASS">
          <params>
            <param index="0">
              <value>
                <![CDATA[D:\NewWorkspace\com.e_Parwana_HybrideFramework\src\main\resources\Portal_DHE_Raj.xlsx]]>
              </value>
            </param>
          </params>
          <reporter-output>
          </reporter-output>
        </test-method> <!-- setup -->
      </class> <!-- Test.Login_Test -->
    </test> <!-- Test -->
  </suite> <!-- Suite -->
</testng-results>
